<?xml version="1.0" encoding="UTF-8"?>
<!-- Generated by org.testng.reporters.JUnitXMLReporter -->
<testsuite hostname="Sumit-PC" name="Lead Test" tests="2" failures="1" timestamp="31 Jul 2018 19:41:18 GMT" time="8.218" errors="0">
  <testcase name="testB" time="8.109" classname="com.HybridFramework.suiteA.TestB"/>
  <testcase name="testB" time="0.002" classname="com.HybridFramework.suiteA.TestB">
    <failure type="java.lang.reflect.InvocationTargetException">
      <![CDATA[java.lang.reflect.InvocationTargetException
	at com.HybridFramework.driver.DriverClass.executeKeywords(DriverClass.java:100)
	at com.HybridFramework.suiteA.TestB.testB(TestB.java:26)
Caused by: java.lang.NullPointerException
	at com.HybridFramework.keywords.GenericKeywords.openBrowser(GenericKeywords.java:83)
	... 30 more
... Removed 28 stack frames]]>
    </failure>
  </testcase> <!-- testB -->
</testsuite> <!-- Lead Test -->
