<?xml version="1.0" encoding="UTF-8"?>
<testng-results skipped="1" failed="1" total="7" passed="5">
  <reporter-output>
  </reporter-output>
  <suite name="My suite" duration-ms="0" started-at="2018-08-17T19:35:09Z" finished-at="2018-08-17T19:35:09Z">
    <groups>
    </groups>
  </suite> <!-- My suite -->
  <suite name="Portfolio Test" duration-ms="193201" started-at="2018-08-17T19:31:56Z" finished-at="2018-08-17T19:35:09Z">
    <groups>
    </groups>
    <test name="Login Test" duration-ms="875" started-at="2018-08-17T19:31:56Z" finished-at="2018-08-17T19:31:57Z">
      <class name="com.HybridFramework.PortFolioTest.LoginTest">
        <test-method status="PASS" signature="init()[pri:0, instance:com.HybridFramework.PortFolioTest.LoginTest@483bf400]" name="init" is-config="true" duration-ms="267" started-at="2018-08-17T21:31:56Z" finished-at="2018-08-17T21:31:56Z">
          <reporter-output>
          </reporter-output>
        </test-method> <!-- init -->
        <test-method status="PASS" signature="initTest()[pri:0, instance:com.HybridFramework.PortFolioTest.LoginTest@483bf400]" name="initTest" is-config="true" duration-ms="181" started-at="2018-08-17T21:31:56Z" finished-at="2018-08-17T21:31:56Z">
          <reporter-output>
          </reporter-output>
        </test-method> <!-- initTest -->
        <test-method status="FAIL" signature="loginTest(java.util.Hashtable)[pri:0, instance:com.HybridFramework.PortFolioTest.LoginTest@483bf400]" name="loginTest" duration-ms="13" started-at="2018-08-17T21:31:56Z" data-provider="getData" finished-at="2018-08-17T21:31:56Z">
          <params>
            <param index="0">
              <value>
                <![CDATA[{ExpectedResult=LoginSuccess, Password=Password@2, Runmode=Y, UserName=sumitj050483, Browser=firefox}]]>
              </value>
            </param>
          </params>
          <exception class="java.lang.reflect.InvocationTargetException">
            <full-stacktrace>
              <![CDATA[java.lang.reflect.InvocationTargetException
	at sun.reflect.NativeMethodAccessorImpl.invoke0(Native Method)
	at sun.reflect.NativeMethodAccessorImpl.invoke(Unknown Source)
	at sun.reflect.DelegatingMethodAccessorImpl.invoke(Unknown Source)
	at java.lang.reflect.Method.invoke(Unknown Source)
	at com.HybridFramework.driver.DriverClass.executeKeywords(DriverClass.java:98)
	at com.HybridFramework.PortFolioTest.LoginTest.loginTest(LoginTest.java:24)
	at sun.reflect.NativeMethodAccessorImpl.invoke0(Native Method)
	at sun.reflect.NativeMethodAccessorImpl.invoke(Unknown Source)
	at sun.reflect.DelegatingMethodAccessorImpl.invoke(Unknown Source)
	at java.lang.reflect.Method.invoke(Unknown Source)
	at org.testng.internal.MethodInvocationHelper.invokeMethod(MethodInvocationHelper.java:85)
	at org.testng.internal.Invoker.invokeMethod(Invoker.java:639)
	at org.testng.internal.Invoker.invokeTestMethod(Invoker.java:816)
	at org.testng.internal.Invoker.invokeTestMethods(Invoker.java:1124)
	at org.testng.internal.TestMethodWorker.invokeTestMethods(TestMethodWorker.java:125)
	at org.testng.internal.TestMethodWorker.run(TestMethodWorker.java:108)
	at org.testng.TestRunner.privateRun(TestRunner.java:774)
	at org.testng.TestRunner.run(TestRunner.java:624)
	at org.testng.SuiteRunner.runTest(SuiteRunner.java:359)
	at org.testng.SuiteRunner.runSequentially(SuiteRunner.java:354)
	at org.testng.SuiteRunner.privateRun(SuiteRunner.java:312)
	at org.testng.SuiteRunner.run(SuiteRunner.java:261)
	at org.testng.SuiteRunnerWorker.runSuite(SuiteRunnerWorker.java:52)
	at org.testng.SuiteRunnerWorker.run(SuiteRunnerWorker.java:86)
	at java.util.concurrent.ThreadPoolExecutor.runWorker(Unknown Source)
	at java.util.concurrent.ThreadPoolExecutor$Worker.run(Unknown Source)
	at java.lang.Thread.run(Unknown Source)
Caused by: java.lang.NullPointerException
	at com.HybridFramework.keywords.GenericKeywords.navigate(GenericKeywords.java:121)
	... 27 more
]]>
            </full-stacktrace>
          </exception> <!-- java.lang.reflect.InvocationTargetException -->
          <reporter-output>
          </reporter-output>
        </test-method> <!-- loginTest -->
        <test-method status="PASS" signature="quit()[pri:0, instance:com.HybridFramework.PortFolioTest.LoginTest@483bf400]" name="quit" is-config="true" duration-ms="403" started-at="2018-08-17T21:31:56Z" finished-at="2018-08-17T21:31:57Z">
          <reporter-output>
          </reporter-output>
        </test-method> <!-- quit -->
      </class> <!-- com.HybridFramework.PortFolioTest.LoginTest -->
    </test> <!-- Login Test -->
    <test name="PortFolio Test" duration-ms="192307" started-at="2018-08-17T19:31:57Z" finished-at="2018-08-17T19:35:09Z">
      <class name="com.HybridFramework.PortFolioTest.PortFolioTest">
        <test-method status="PASS" signature="init()[pri:0, instance:com.HybridFramework.PortFolioTest.PortFolioTest@5474c6c]" name="init" is-config="true" duration-ms="5" started-at="2018-08-17T21:31:57Z" finished-at="2018-08-17T21:31:57Z">
          <reporter-output>
          </reporter-output>
        </test-method> <!-- init -->
        <test-method status="PASS" signature="createPortfolioTest(java.util.Hashtable)[pri:1, instance:com.HybridFramework.PortFolioTest.PortFolioTest@5474c6c]" name="createPortfolioTest" duration-ms="58364" started-at="2018-08-17T21:31:57Z" data-provider="getData" finished-at="2018-08-17T21:32:55Z">
          <params>
            <param index="0">
              <value>
                <![CDATA[{PortfolioName=Portfolio10, Runmode=Y, Browser=Firefox}]]>
              </value>
            </param>
          </params>
          <reporter-output>
          </reporter-output>
        </test-method> <!-- createPortfolioTest -->
        <test-method status="PASS" signature="initTest()[pri:0, instance:com.HybridFramework.PortFolioTest.PortFolioTest@5474c6c]" name="initTest" is-config="true" duration-ms="0" started-at="2018-08-17T21:31:57Z" finished-at="2018-08-17T21:31:57Z">
          <reporter-output>
          </reporter-output>
        </test-method> <!-- initTest -->
        <test-method status="PASS" signature="quit()[pri:0, instance:com.HybridFramework.PortFolioTest.PortFolioTest@5474c6c]" name="quit" is-config="true" duration-ms="46" started-at="2018-08-17T21:32:55Z" finished-at="2018-08-17T21:32:55Z">
          <reporter-output>
          </reporter-output>
        </test-method> <!-- quit -->
        <test-method status="PASS" signature="initTest()[pri:0, instance:com.HybridFramework.PortFolioTest.PortFolioTest@5474c6c]" name="initTest" is-config="true" duration-ms="0" started-at="2018-08-17T21:32:55Z" finished-at="2018-08-17T21:32:55Z">
          <reporter-output>
          </reporter-output>
        </test-method> <!-- initTest -->
        <test-method status="PASS" signature="createPortfolioTest(java.util.Hashtable)[pri:1, instance:com.HybridFramework.PortFolioTest.PortFolioTest@5474c6c]" name="createPortfolioTest" duration-ms="40474" started-at="2018-08-17T21:32:55Z" data-provider="getData" finished-at="2018-08-17T21:33:36Z">
          <params>
            <param index="0">
              <value>
                <![CDATA[{PortfolioName=Portfolio11, Runmode=Y, Browser=Firefox}]]>
              </value>
            </param>
          </params>
          <reporter-output>
          </reporter-output>
        </test-method> <!-- createPortfolioTest -->
        <test-method status="PASS" signature="quit()[pri:0, instance:com.HybridFramework.PortFolioTest.PortFolioTest@5474c6c]" name="quit" is-config="true" duration-ms="42" started-at="2018-08-17T21:33:36Z" finished-at="2018-08-17T21:33:36Z">
          <reporter-output>
          </reporter-output>
        </test-method> <!-- quit -->
        <test-method status="PASS" signature="initTest()[pri:0, instance:com.HybridFramework.PortFolioTest.PortFolioTest@5474c6c]" name="initTest" is-config="true" duration-ms="0" started-at="2018-08-17T21:33:36Z" finished-at="2018-08-17T21:33:36Z">
          <reporter-output>
          </reporter-output>
        </test-method> <!-- initTest -->
        <test-method status="PASS" signature="deletePortfolioTest(java.util.Hashtable)[pri:2, instance:com.HybridFramework.PortFolioTest.PortFolioTest@5474c6c]" name="deletePortfolioTest" duration-ms="48866" started-at="2018-08-17T21:33:36Z" data-provider="getData" depends-on-methods="com.HybridFramework.PortFolioTest.PortFolioTest.createPortfolioTest" finished-at="2018-08-17T21:34:25Z">
          <params>
            <param index="0">
              <value>
                <![CDATA[{PortfolioName=Portfolio10, Runmode=Y, Browser=Firefox}]]>
              </value>
            </param>
          </params>
          <reporter-output>
          </reporter-output>
        </test-method> <!-- deletePortfolioTest -->
        <test-method status="PASS" signature="quit()[pri:0, instance:com.HybridFramework.PortFolioTest.PortFolioTest@5474c6c]" name="quit" is-config="true" duration-ms="50" started-at="2018-08-17T21:34:25Z" finished-at="2018-08-17T21:34:25Z">
          <reporter-output>
          </reporter-output>
        </test-method> <!-- quit -->
        <test-method status="PASS" signature="deletePortfolioTest(java.util.Hashtable)[pri:2, instance:com.HybridFramework.PortFolioTest.PortFolioTest@5474c6c]" name="deletePortfolioTest" duration-ms="44413" started-at="2018-08-17T21:34:25Z" data-provider="getData" depends-on-methods="com.HybridFramework.PortFolioTest.PortFolioTest.createPortfolioTest" finished-at="2018-08-17T21:35:09Z">
          <params>
            <param index="0">
              <value>
                <![CDATA[{PortfolioName=Portfolio11, Runmode=Y, Browser=Firefox}]]>
              </value>
            </param>
          </params>
          <reporter-output>
          </reporter-output>
        </test-method> <!-- deletePortfolioTest -->
        <test-method status="PASS" signature="initTest()[pri:0, instance:com.HybridFramework.PortFolioTest.PortFolioTest@5474c6c]" name="initTest" is-config="true" duration-ms="0" started-at="2018-08-17T21:34:25Z" finished-at="2018-08-17T21:34:25Z">
          <reporter-output>
          </reporter-output>
        </test-method> <!-- initTest -->
        <test-method status="PASS" signature="quit()[pri:0, instance:com.HybridFramework.PortFolioTest.PortFolioTest@5474c6c]" name="quit" is-config="true" duration-ms="43" started-at="2018-08-17T21:35:09Z" finished-at="2018-08-17T21:35:09Z">
          <reporter-output>
          </reporter-output>
        </test-method> <!-- quit -->
      </class> <!-- com.HybridFramework.PortFolioTest.PortFolioTest -->
    </test> <!-- PortFolio Test -->
  </suite> <!-- Portfolio Test -->
  <suite name="Stock Suite Test" duration-ms="45791" started-at="2018-08-17T19:31:56Z" finished-at="2018-08-17T19:32:42Z">
    <groups>
    </groups>
    <test name="AddDeleteStock Test" duration-ms="45791" started-at="2018-08-17T19:31:56Z" finished-at="2018-08-17T19:32:42Z">
      <class name="com.HybridFramework.StockSuite.AddDeleteStock">
        <test-method status="PASS" signature="init()[pri:0, instance:com.HybridFramework.StockSuite.AddDeleteStock@50675690]" name="init" is-config="true" duration-ms="267" started-at="2018-08-17T21:31:56Z" finished-at="2018-08-17T21:31:56Z">
          <reporter-output>
          </reporter-output>
        </test-method> <!-- init -->
        <test-method status="PASS" signature="initTest()[pri:0, instance:com.HybridFramework.StockSuite.AddDeleteStock@50675690]" name="initTest" is-config="true" duration-ms="176" started-at="2018-08-17T21:31:56Z" finished-at="2018-08-17T21:31:56Z">
          <reporter-output>
          </reporter-output>
        </test-method> <!-- initTest -->
        <test-method status="PASS" signature="addStockTest(java.util.Hashtable)[pri:0, instance:com.HybridFramework.StockSuite.AddDeleteStock@50675690]" name="addStockTest" duration-ms="45271" started-at="2018-08-17T21:31:56Z" data-provider="getData" finished-at="2018-08-17T21:32:42Z">
          <params>
            <param index="0">
              <value>
                <![CDATA[{Date=12-08-2018, PurchasePrice=100.0, PortfolioName=Portfolio3, Runmode=Y, Quantity=10.0, StockName=Tata Motors Ltd, Browser=Firefox}]]>
              </value>
            </param>
          </params>
          <reporter-output>
          </reporter-output>
        </test-method> <!-- addStockTest -->
        <test-method status="PASS" signature="quit()[pri:0, instance:com.HybridFramework.StockSuite.AddDeleteStock@50675690]" name="quit" is-config="true" duration-ms="62" started-at="2018-08-17T21:32:42Z" finished-at="2018-08-17T21:32:42Z">
          <reporter-output>
          </reporter-output>
        </test-method> <!-- quit -->
        <test-method status="SKIP" signature="deleteStockTest(java.util.Hashtable)[pri:0, instance:com.HybridFramework.StockSuite.AddDeleteStock@50675690]" name="deleteStockTest" duration-ms="0" started-at="2018-08-17T21:32:42Z" finished-at="2018-08-17T21:32:42Z">
          <exception class="org.testng.TestNGException">
            <message>
              <![CDATA[
Method deleteStockTest requires 1 parameters but 0 were supplied in the @Test annotation.]]>
            </message>
            <full-stacktrace>
              <![CDATA[org.testng.TestNGException: 
Method deleteStockTest requires 1 parameters but 0 were supplied in the @Test annotation.
	at org.testng.internal.Parameters.checkParameterTypes(Parameters.java:191)
	at org.testng.internal.Parameters.createParameters(Parameters.java:127)
	at org.testng.internal.Parameters.createParameters(Parameters.java:376)
	at org.testng.internal.Parameters.handleParameters(Parameters.java:451)
	at org.testng.internal.Invoker.handleParameters(Invoker.java:1270)
	at org.testng.internal.Invoker.createParameters(Invoker.java:985)
	at org.testng.internal.Invoker.invokeTestMethods(Invoker.java:1075)
	at org.testng.internal.TestMethodWorker.invokeTestMethods(TestMethodWorker.java:125)
	at org.testng.internal.TestMethodWorker.run(TestMethodWorker.java:108)
	at org.testng.TestRunner.privateRun(TestRunner.java:774)
	at org.testng.TestRunner.run(TestRunner.java:624)
	at org.testng.SuiteRunner.runTest(SuiteRunner.java:359)
	at org.testng.SuiteRunner.access$000(SuiteRunner.java:39)
	at org.testng.SuiteRunner$SuiteWorker.run(SuiteRunner.java:393)
	at org.testng.internal.thread.ThreadUtil$2.call(ThreadUtil.java:64)
	at java.util.concurrent.FutureTask.run(Unknown Source)
	at java.util.concurrent.ThreadPoolExecutor.runWorker(Unknown Source)
	at java.util.concurrent.ThreadPoolExecutor$Worker.run(Unknown Source)
	at java.lang.Thread.run(Unknown Source)
]]>
            </full-stacktrace>
          </exception> <!-- org.testng.TestNGException -->
          <reporter-output>
          </reporter-output>
        </test-method> <!-- deleteStockTest -->
      </class> <!-- com.HybridFramework.StockSuite.AddDeleteStock -->
    </test> <!-- AddDeleteStock Test -->
  </suite> <!-- Stock Suite Test -->
</testng-results>
