<?xml version="1.0" encoding="UTF-8"?>
<!-- Generated by org.testng.reporters.JUnitXMLReporter -->
<testsuite hostname="Sumit-PC" name="Test B" tests="2" failures="1" timestamp="4 Aug 2018 08:21:26 GMT" time="8.376" errors="0">
  <testcase name="testB" time="8.263" classname="com.HybridFramework.suiteA.TestB"/>
  <testcase name="testB" time="0.001" classname="com.HybridFramework.suiteA.TestB">
    <failure type="java.lang.reflect.InvocationTargetException">
      <![CDATA[java.lang.reflect.InvocationTargetException
	at com.HybridFramework.driver.DriverClass.executeKeywords(DriverClass.java:97)
	at com.HybridFramework.suiteA.TestB.testB(TestB.java:26)
Caused by: java.lang.NullPointerException
	at com.HybridFramework.keywords.GenericKeywords.openBrowser(GenericKeywords.java:83)
	... 31 more
... Removed 29 stack frames]]>
    </failure>
  </testcase> <!-- testB -->
</testsuite> <!-- Test B -->
