<?xml version="1.0" encoding="UTF-8"?>
<!-- Generated by org.testng.reporters.JUnitXMLReporter -->
<testsuite hostname="Sumit-PC" name="Portfolio Test" tests="2" failures="0" timestamp="16 Aug 2018 17:35:20 GMT" time="122.348" errors="0">
  <testcase name="createPortfolioTest" time="67.8" classname="com.HybridFramework.PortFolioTest.PortFolioTest"/>
  <testcase name="deletePortfolioTest" time="52.889" classname="com.HybridFramework.PortFolioTest.PortFolioTest"/>
</testsuite> <!-- Portfolio Test -->
