<?xml version="1.0" encoding="UTF-8"?>
<!-- Generated by org.testng.reporters.JUnitXMLReporter -->
<testsuite hostname="Sumit-PC" name="AddDeleteStock Test" tests="2" failures="0" timestamp="17 Aug 2018 19:32:42 GMT" time="45.791" errors="0">
  <testcase name="addStockTest" time="45.271" classname="com.HybridFramework.StockSuite.AddDeleteStock"/>
  <testcase name="deleteStockTest" time="0.0" classname="com.HybridFramework.StockSuite.AddDeleteStock">
    <skipped/>
  </testcase> <!-- deleteStockTest -->
</testsuite> <!-- AddDeleteStock Test -->
