<?xml version="1.0" encoding="UTF-8"?>
<!-- Generated by org.testng.reporters.JUnitXMLReporter -->
<testsuite hostname="Sumit-PC" name="Login Test" tests="1" failures="1" timestamp="17 Aug 2018 19:31:57 GMT" time="0.875" errors="0">
  <testcase name="loginTest" time="0.013" classname="com.HybridFramework.PortFolioTest.LoginTest">
    <failure type="java.lang.reflect.InvocationTargetException">
      <![CDATA[java.lang.reflect.InvocationTargetException
	at com.HybridFramework.driver.DriverClass.executeKeywords(DriverClass.java:98)
	at com.HybridFramework.PortFolioTest.LoginTest.loginTest(LoginTest.java:24)
	at java.util.concurrent.ThreadPoolExecutor.runWorker(Unknown Source)
	at java.util.concurrent.ThreadPoolExecutor$Worker.run(Unknown Source)
	at java.lang.Thread.run(Unknown Source)
Caused by: java.lang.NullPointerException
	at com.HybridFramework.keywords.GenericKeywords.navigate(GenericKeywords.java:121)
	... 27 more
... Removed 22 stack frames]]>
    </failure>
  </testcase> <!-- loginTest -->
</testsuite> <!-- Login Test -->
