<?xml version="1.0" encoding="UTF-8"?>
<!-- Generated by org.testng.reporters.JUnitXMLReporter -->
<testsuite hostname="Sumit-PC" name="PortFolio Test" tests="4" failures="0" timestamp="17 Aug 2018 19:35:09 GMT" time="192.307" errors="0">
  <testcase name="createPortfolioTest" time="58.364" classname="com.HybridFramework.PortFolioTest.PortFolioTest"/>
  <testcase name="createPortfolioTest" time="40.474" classname="com.HybridFramework.PortFolioTest.PortFolioTest"/>
  <testcase name="deletePortfolioTest" time="48.866" classname="com.HybridFramework.PortFolioTest.PortFolioTest"/>
  <testcase name="deletePortfolioTest" time="44.413" classname="com.HybridFramework.PortFolioTest.PortFolioTest"/>
</testsuite> <!-- PortFolio Test -->
